生成启动时间为 2016/7/14 22:18:38。
     1>项目“D:\论文们\罗永恩毕业论文\mycode\StockHgraph\StockHgraph\StockHgraph.vcxproj”在节点 2 上(build 个目标)。
     1>InitializeBuildStatus:
         正在创建“Debug\StockHgraph.unsuccessfulbuild”，因为已指定“AlwaysCreate”。
       ClCompile:
         f:\VS2010\install\VC\bin\CL.exe /c /ZI /nologo /W3 /WX- /Od /Oy- /D WIN32 /D _DEBUG /D _CONSOLE /D _UNICODE /D UNICODE /Gm /EHsc /RTC1 /MDd /GS /fp:precise /Zc:wchar_t /Zc:forScope /Fo"Debug\\" /Fd"Debug\vc100.pdb" /Gd /TP /analyze- /errorReport:prompt StockHgraph.cpp
         StockHgraph.cpp
       ManifestResourceCompile:
         所有输出均为最新。
       Link:
         f:\VS2010\install\VC\bin\link.exe /ERRORREPORT:PROMPT /OUT:"D:\论文们\罗永恩毕业论文\mycode\StockHgraph\Debug\StockHgraph.exe" /INCREMENTAL /NOLOGO kernel32.lib user32.lib gdi32.lib winspool.lib comdlg32.lib advapi32.lib shell32.lib ole32.lib oleaut32.lib uuid.lib odbc32.lib odbccp32.lib /MANIFEST /ManifestFile:"Debug\StockHgraph.exe.intermediate.manifest" /MANIFESTUAC:"level='asInvoker' uiAccess='false'" /DEBUG /PDB:"D:\论文们\罗永恩毕业论文\mycode\StockHgraph\Debug\StockHgraph.pdb" /SUBSYSTEM:CONSOLE /TLBID:1 /DYNAMICBASE /NXCOMPAT /IMPLIB:"D:\论文们\罗永恩毕业论文\mycode\StockHgraph\Debug\StockHgraph.lib" /MACHINE:X86 Debug\StockHgraph.exe.embed.manifest.res
         Debug\DayInfo.obj
         Debug\main.obj
         Debug\stdafx.obj
         Debug\Stock.obj
         Debug\StockHgraph.obj
       Manifest:
         C:\Program Files (x86)\Microsoft SDKs\Windows\v7.0A\bin\mt.exe /nologo /verbose /out:"Debug\StockHgraph.exe.embed.manifest" /manifest Debug\StockHgraph.exe.intermediate.manifest
         所有输出均为最新。
       LinkEmbedManifest:
         所有输出均为最新。
         StockHgraph.vcxproj -> D:\论文们\罗永恩毕业论文\mycode\StockHgraph\Debug\StockHgraph.exe
       FinalizeBuildStatus:
         正在删除文件“Debug\StockHgraph.unsuccessfulbuild”。
         正在对“Debug\StockHgraph.lastbuildstate”执行 Touch 任务。
     1>已完成生成项目“D:\论文们\罗永恩毕业论文\mycode\StockHgraph\StockHgraph\StockHgraph.vcxproj”(build 个目标)的操作。

生成成功。

已用时间 00:00:01.84
